<?xml version="1.0" encoding="UTF-8"?>
<!-- Generated by org.testng.reporters.JUnitReportReporter -->
<testsuite hostname="hp" failures="0" tests="1" name="RestTest.demotest.TestcatApi" time="4.608" errors="0" timestamp="2021-01-15T19:47:47 IST" skipped="0">
  <testcase classname="RestTest.demotest.TestcatApi" name="testApi" time="4.608"/>
  <system-out/>
</testsuite> <!-- RestTest.demotest.TestcatApi -->
